[2025-10-01 19:43:58.900] [CORE] [info] 서비스 시작
[2025-10-01 19:43:58.970] [CORE] [debug] 서비스 종료
[2025-10-01 19:44:32.102] [CORE] [info] 서비스 시작
[2025-10-01 19:56:59.648] [CORE] [info] 서비스 시작
[2025-10-01 19:56:59.648] [CORE] [warning] 오류 발생 후 서비스 종료
[2025-10-01 19:57:39.962] [CORE] [info] 서비스 시작
[2025-10-01 19:57:39.962] [CORE] [warning] 오류 발생 후 서비스 종료
[2025-10-01 19:58:01.270] [CORE] [info] 서비스 시작
[2025-10-01 19:58:01.271] [CORE] [warning] 오류 발생 후 서비스 종료
[2025-10-01 19:58:14.271] [CORE] [info] 서비스 시작
[2025-10-01 19:58:14.271] [CORE] [warning] 오류 발생 후 서비스 종료
[2025-10-01 19:58:30.379] [CORE] [info] 서비스 시작
[2025-10-01 19:58:30.379] [CORE] [warning] 오류 발생 후 서비스 종료
[2025-10-01 19:58:35.402] [CORE] [info] 서비스 시작
[2025-10-01 19:58:35.402] [CORE] [warning] 오류 발생 후 서비스 종료
[2025-10-02 11:55:44.700] [CORE] [info] 서비스 시작
[2025-10-02 11:55:44.700] [CORE] [warning] 오류 발생 후 서비스 종료
[2025-10-02 11:56:10.596] [CORE] [info] 서비스 시작
[2025-10-02 11:56:10.596] [CORE] [warning] 오류 발생 후 서비스 종료
[2025-10-02 11:56:49.089] [CORE] [info] 서비스 시작
[2025-10-02 11:56:49.089] [CORE] [warning] 오류 발생 후 서비스 종료
[2025-10-02 11:57:26.115] [CORE] [info] 서비스 시작
[2025-10-02 11:57:26.116] [CORE] [warning] 오류 발생 후 서비스 종료
[2025-10-02 11:59:38.259] [CORE] [info] 서비스 시작
[2025-10-02 11:59:38.260] [CORE] [warning] 오류 발생 후 서비스 종료
[2025-10-02 14:59:10.468] [CORE] [info] 서비스 시작
[2025-10-02 14:59:10.516] [CORE] [warning] 오류 발생 후 서비스 종료
[2025-10-02 14:59:26.382] [CORE] [info] 서비스 시작
[2025-10-02 14:59:26.384] [CORE] [warning] 오류 발생 후 서비스 종료
[2025-10-02 15:02:23.199] [CORE] [info] 서비스 시작
[2025-10-02 15:02:53.232] [CORE] [warning] 오류 발생 후 서비스 종료
[2025-10-02 15:03:31.780] [CORE] [info] 서비스 시작
[2025-10-02 15:04:05.118] [CORE] [warning] 오류 발생 후 서비스 종료
[2025-10-02 15:06:27.659] [CORE] [info] 서비스 시작
[2025-10-02 15:06:27.661] [CORE] [warning] 오류 발생 후 서비스 종료
[2025-10-02 15:10:43.452] [CORE] [info] 서비스 시작
[2025-10-02 15:10:43.454] [CORE] [warning] 오류 발생 후 서비스 종료
[2025-10-02 15:14:12.863] [CORE] [info] 서비스 시작
[2025-10-02 15:14:12.865] [CORE] [warning] 오류 발생 후 서비스 종료
[2025-10-02 15:26:22.553] [CORE] [info] 서비스 시작
[2025-10-02 15:26:22.555] [CORE] [warning] 오류 발생 후 서비스 종료
[2025-10-02 15:27:35.280] [CORE] [info] 서비스 시작
[2025-10-02 15:48:19.847] [CORE] [info] 서비스 시작
[2025-10-02 15:50:15.246] [CORE] [warning] 오류 발생 후 서비스 종료
[2025-10-02 15:50:55.018] [CORE] [info] 서비스 시작
[2025-10-02 15:50:58.542] [CORE] [warning] 오류 발생 후 서비스 종료
[2025-10-02 15:52:14.115] [CORE] [info] 서비스 시작
[2025-10-02 15:52:14.116] [CORE] [warning] 오류 발생 후 서비스 종료
[2025-10-02 15:56:25.861] [CORE] [info] 서비스 시작
[2025-10-02 15:56:25.863] [CORE] [warning] 오류 발생 후 서비스 종료
[2025-10-02 16:03:30.576] [CORE] [info] 서비스 시작
[2025-10-02 16:03:30.578] [CORE] [warning] 오류 발생 후 서비스 종료
[2025-10-02 16:03:36.846] [CORE] [info] 서비스 시작
[2025-10-02 16:03:36.848] [CORE] [warning] 오류 발생 후 서비스 종료
[2025-10-02 16:03:46.975] [CORE] [info] 서비스 시작
[2025-10-02 16:03:46.977] [CORE] [warning] 오류 발생 후 서비스 종료
[2025-10-02 16:05:26.357] [CORE] [info] 서비스 시작
[2025-10-02 16:06:04.809] [CORE] [warning] 오류 발생 후 서비스 종료
[2025-10-02 16:06:31.023] [CORE] [info] 서비스 시작
[2025-10-02 16:06:34.846] [CORE] [warning] 오류 발생 후 서비스 종료
[2025-10-02 16:10:37.832] [CORE] [info] 서비스 시작
[2025-10-02 16:10:38.657] [CORE] [warning] 오류 발생 후 서비스 종료
[2025-10-02 16:13:45.244] [CORE] [info] 서비스 시작
[2025-10-02 16:13:47.643] [CORE] [warning] 오류 발생 후 서비스 종료
[2025-10-02 16:13:51.817] [CORE] [info] 서비스 시작
[2025-10-02 16:13:51.817] [CORE] [warning] 오류 발생 후 서비스 종료
[2025-10-02 16:13:56.598] [CORE] [info] 서비스 시작
[2025-10-02 16:14:01.684] [CORE] [warning] 오류 발생 후 서비스 종료
[2025-10-02 16:16:00.610] [CORE] [info] 서비스 시작
[2025-10-02 16:16:03.532] [CORE] [warning] 오류 발생 후 서비스 종료
[2025-10-02 16:16:41.506] [CORE] [info] 서비스 시작
[2025-10-02 16:16:41.514] [CORE] [warning] 오류 발생 후 서비스 종료
[2025-10-02 16:16:51.729] [CORE] [info] 서비스 시작1
[2025-10-02 16:16:51.733] [CORE] [warning] 오류 발생 후 서비스 종료1
[2025-10-02 16:17:03.038] [CORE] [info] 서비스 시작1
[2025-10-02 16:17:03.041] [CORE] [warning] 오류 발생 후 서비스 종료1
[2025-10-02 16:17:07.291] [CORE] [info] 서비스 시작1
[2025-10-02 16:17:07.295] [CORE] [warning] 오류 발생 후 서비스 종료1
[2025-10-02 16:18:07.252] [CORE] [info] 서비스 시작1
[2025-10-02 16:18:07.854] [CORE] [warning] 오류 발생 후 서비스 종료1
[2025-10-02 16:18:18.880] [CORE] [info] 서비스 시작1
[2025-10-02 16:18:18.888] [CORE] [warning] 오류 발생 후 서비스 종료1
[2025-10-02 16:19:40.252] [CORE] [info] 서비스 시작1
[2025-10-02 16:19:40.260] [CORE] [warning] 오류 발생 후 서비스 종료1
[2025-10-02 16:19:50.347] [CORE] [info] 서비스 시작1
[2025-10-02 16:19:50.360] [CORE] [warning] 오류 발생 후 서비스 종료1
[2025-10-02 16:19:59.903] [CORE] [info] 서비스 시작1
[2025-10-02 16:19:59.911] [CORE] [warning] 오류 발생 후 서비스 종료1
[2025-10-02 16:20:08.779] [CORE] [info] 서비스 시작1
[2025-10-02 16:20:08.788] [CORE] [warning] 오류 발생 후 서비스 종료1
[2025-10-02 16:20:57.191] [CORE] [info] 서비스 시작111
[2025-10-02 16:20:57.198] [CORE] [warning] 오류 발생 후 서비스 종료1111
[2025-10-02 16:21:14.554] [CORE] [info] 서비스 시작111
[2025-10-02 16:22:17.150] [CORE] [warning] 오류 발생 후 서비스 종료1111
[2025-10-02 16:22:24.766] [CORE] [info] 서비스 시작111
[2025-10-02 16:22:24.774] [CORE] [warning] 오류 발생 후 서비스 종료1111
[2025-10-02 16:22:38.797] [CORE] [info] 서비스 시작111
[2025-10-02 16:22:38.805] [CORE] [warning] 오류 발생 후 서비스 종료1111
[2025-10-02 16:24:11.234] [CORE] [info] 서비스 시작111
[2025-10-02 16:24:11.242] [CORE] [warning] 오류 발생 후 서비스 종료1111
[2025-10-02 16:24:27.955] [CORE] [info] 서비스 시작111
[2025-10-02 16:24:27.964] [CORE] [warning] 오류 발생 후 서비스 종료1111
[2025-10-02 16:54:14.210] [CORE] [info] 서비스 시작111
[2025-10-02 16:54:14.220] [CORE] [warning] 오류 발생 후 서비스 종료1111
[2025-10-02 16:54:28.921] [CORE] [info] 서비스 시작111
[2025-10-02 16:54:28.930] [CORE] [warning] 오류 발생 후 서비스 종료1111
[2025-10-02 17:31:52.059] [CORE] [info] 서비스 시작111
[2025-10-02 17:31:52.066] [CORE] [warning] 오류 발생 후 서비스 종료1111
[2025-10-02 17:32:58.415] [CORE] [info] 서비스 시작111
[2025-10-02 17:32:58.422] [CORE] [warning] 오류 발생 후 서비스 종료1111
[2025-10-24 13:47:40.173] [CORE] [info] 서비스 시작111
[2025-10-24 13:47:40.191] [CORE] [warning] 오류 발생 후 서비스 종료1111
[2025-10-24 13:47:57.579] [CORE] [info] 서비스 시작111
[2025-10-24 13:47:57.585] [CORE] [warning] 오류 발생 후 서비스 종료1111
